Using pre-set license
Built from '2020.3/staging' branch; Version is '2020.3.30f1 (1fb1bf06830e) revision 2077119'; Using compiler version '192528614'; Build Type 'Release'
OS: 'Windows 10  (10.0.19044) 64bit Education' Language: 'fr' Physical Memory: 16106 MB
BatchMode: 1, IsHumanControllingUs: 0, StartBugReporterOnCrash: 0, Is64bit: 1, IsPro: 0

COMMAND LINE ARGUMENTS:
C:\Program Files\Unity\Hub\Editor\2020.3.30f1\Editor\Unity.exe
-adb2
-batchMode
-noUpm
-name
AssetImportWorker1
-projectPath
C:/Users/Nick_/OneDrive/Bureau/Unity/DS_Like/DS_Like
-logFile
Logs/AssetImportWorker1.log
-srvPort
61978
Successfully changed project path to: C:/Users/Nick_/OneDrive/Bureau/Unity/DS_Like/DS_Like
C:/Users/Nick_/OneDrive/Bureau/Unity/DS_Like/DS_Like
Using Asset Import Pipeline V2.
Refreshing native plugins compatible for Editor in 71.25 ms, found 2 plugins.
Preloading 0 native plugins for Editor in 0.00 ms.
Initialize engine version: 2020.3.30f1 (1fb1bf06830e)
[Subsystems] Discovering subsystems at path C:/Program Files/Unity/Hub/Editor/2020.3.30f1/Editor/Data/Resources/UnitySubsystems
[Subsystems] Discovering subsystems at path C:/Users/Nick_/OneDrive/Bureau/Unity/DS_Like/DS_Like/Assets
GfxDevice: creating device client; threaded=0
Direct3D:
    Version:  Direct3D 11.0 [level 11.1]
    Renderer: Intel(R) Iris(R) Xe Graphics (ID=0x9a49)
    Vendor:   
    VRAM:     8053 MB
    Driver:   30.0.101.1340
Initialize mono
Mono path[0] = 'C:/Program Files/Unity/Hub/Editor/2020.3.30f1/Editor/Data/Managed'
Mono path[1] = 'C:/Program Files/Unity/Hub/Editor/2020.3.30f1/Editor/Data/MonoBleedingEdge/lib/mono/unityjit'
Mono config path = 'C:/Program Files/Unity/Hub/Editor/2020.3.30f1/Editor/Data/MonoBleedingEdge/etc'
Using monoOptions --debugger-agent=transport=dt_socket,embedding=1,server=y,suspend=n,address=127.0.0.1:56348
Begin MonoManager ReloadAssembly
Registering precompiled unity dll's ...
Register platform support module: C:/Program Files/Unity/Hub/Editor/2020.3.30f1/Editor/Data/PlaybackEngines/WebGLSupport/UnityEditor.WebGL.Extensions.dll
Register platform support module: C:/Program Files/Unity/Hub/Editor/2020.3.30f1/Editor/Data/PlaybackEngines/WindowsStandaloneSupport/UnityEditor.WindowsStandalone.Extensions.dll
Registered in 0.002158 seconds.
Native extension for WindowsStandalone target not found
Native extension for WebGL target not found
Refreshing native plugins compatible for Editor in 101.64 ms, found 2 plugins.
Preloading 0 native plugins for Editor in 0.00 ms.
Mono: successfully reloaded assembly
- Completed reload, in  0.907 seconds
Domain Reload Profiling:
	ReloadAssembly (907ms)
		BeginReloadAssembly (85ms)
			ExecutionOrderSort (0ms)
			DisableScriptedObjects (0ms)
			BackupInstance (0ms)
			ReleaseScriptingObjects (0ms)
			CreateAndSetChildDomain (2ms)
		EndReloadAssembly (710ms)
			LoadAssemblies (83ms)
			RebuildTransferFunctionScriptingTraits (0ms)
			SetupTypeCache (232ms)
			ReleaseScriptCaches (0ms)
			RebuildScriptCaches (28ms)
			SetupLoadedEditorAssemblies (345ms)
				LogAssemblyErrors (0ms)
				InitializePlatformSupportModulesInManaged (7ms)
				SetLoadedEditorAssemblies (0ms)
				RefreshPlugins (102ms)
				BeforeProcessingInitializeOnLoad (15ms)
				ProcessInitializeOnLoadAttributes (163ms)
				ProcessInitializeOnLoadMethodAttributes (58ms)
				AfterProcessingInitializeOnLoad (0ms)
				EditorAssembliesLoaded (0ms)
			ExecutionOrderSort2 (0ms)
			AwakeInstancesAfterBackupRestoration (0ms)
Platform modules already initialized, skipping
Registering precompiled user dll's ...
Registered in 0.004212 seconds.
Begin MonoManager ReloadAssembly
Native extension for WindowsStandalone target not found
Native extension for WebGL target not found
Refreshing native plugins compatible for Editor in 1.03 ms, found 2 plugins.
Preloading 0 native plugins for Editor in 0.00 ms.
Mono: successfully reloaded assembly
- Completed reload, in  1.532 seconds
Domain Reload Profiling:
	ReloadAssembly (1533ms)
		BeginReloadAssembly (200ms)
			ExecutionOrderSort (0ms)
			DisableScriptedObjects (7ms)
			BackupInstance (0ms)
			ReleaseScriptingObjects (0ms)
			CreateAndSetChildDomain (19ms)
		EndReloadAssembly (1255ms)
			LoadAssemblies (119ms)
			RebuildTransferFunctionScriptingTraits (0ms)
			SetupTypeCache (439ms)
			ReleaseScriptCaches (0ms)
			RebuildScriptCaches (78ms)
			SetupLoadedEditorAssemblies (479ms)
				LogAssemblyErrors (0ms)
				InitializePlatformSupportModulesInManaged (8ms)
				SetLoadedEditorAssemblies (1ms)
				RefreshPlugins (1ms)
				BeforeProcessingInitializeOnLoad (123ms)
				ProcessInitializeOnLoadAttributes (322ms)
				ProcessInitializeOnLoadMethodAttributes (11ms)
				AfterProcessingInitializeOnLoad (12ms)
				EditorAssembliesLoaded (1ms)
			ExecutionOrderSort2 (0ms)
			AwakeInstancesAfterBackupRestoration (17ms)
Platform modules already initialized, skipping
========================================================================
Worker process is ready to serve import requests
Launched and connected shader compiler UnityShaderCompiler.exe after 0.06 seconds
Refreshing native plugins compatible for Editor in 1.12 ms, found 2 plugins.
Preloading 0 native plugins for Editor in 0.00 ms.
Unloading 1928 Unused Serialized files (Serialized files now loaded: 0)
System memory in use before: 178.5 MB.
System memory in use after: 178.6 MB.

Unloading 18 unused Assets to reduce memory usage. Loaded Objects now: 2396.
Total: 3.441200 ms (FindLiveObjects: 0.122500 ms CreateObjectMapping: 0.035100 ms MarkObjects: 3.009000 ms  DeleteObjects: 0.272900 ms)

AssetImportParameters requested are different than current active one (requested -> active):
  custom:framework-win-MediaFoundation: 216162199b28c13a410421893ffa2e32 -> 
  custom:video-decoder-ogg-theora: a1e56fd34408186e4bbccfd4996cb3dc -> 
  custom:container-muxer-webm: aa71ff27fc2769a1b78a27578f13a17b -> 
  custom:container-demuxer-webm: 4f35f7cbe854078d1ac9338744f61a02 -> 
  custom:container-demuxer-ogg: 62fdf1f143b41e24485cea50d1cbac27 -> 
  custom:video-encoder-webm-vp8: eb34c28f22e8b96e1ab97ce403110664 -> 
  custom:video-codec-MediaFoundation-h265: 746d11721c4dcdbdad8f713fa42b33f4 -> 
  custom:video-decoder-webm-vp8: 9c59270c3fd7afecdb556c50c9e8de78 -> 
  custom:audio-decoder-ogg-vorbis: bf7c407c2cedff20999df2af8eb42d56 -> 
  custom:audio-encoder-webm-vorbis: bf7c407c2cedff20999df2af8eb42d56 -> 
========================================================================
Received Import Request.
  path: Assets/GameAssets/CustomAnimation/JumpAttack.anim
  artifactKey: Guid(67aaa660488bbb7468ff5f9ae09fca2a) Importer(815301076,1909f56bfc062723c751e8b465ee728b)
Start importing Assets/GameAssets/CustomAnimation/JumpAttack.anim using Guid(67aaa660488bbb7468ff5f9ae09fca2a) Importer(815301076,1909f56bfc062723c751e8b465ee728b)  -> (artifact id: '30a0e1122ecb6a399e7bd49192c09f77') in 0.101342 seconds 
========================================================================
Received Import Request.
  Time since last request: 1667.196064 seconds.
  path: Assets/GameAssets/Weapon/ArmorSet/armor 2021.mtl
  artifactKey: Guid(9fd66b65459790c4a96a89a58777a164) Importer(815301076,1909f56bfc062723c751e8b465ee728b)
Start importing Assets/GameAssets/Weapon/ArmorSet/armor 2021.mtl using Guid(9fd66b65459790c4a96a89a58777a164) Importer(815301076,1909f56bfc062723c751e8b465ee728b)  -> (artifact id: '6e8ad4981e704d4ba1e53b9aab6d7dd3') in 0.009560 seconds 
========================================================================
Received Import Request.
  Time since last request: 0.517466 seconds.
  path: Assets/GameAssets/Weapon/ArmorSet/armor 2021.obj
  artifactKey: Guid(0d4b0fd369d868040979f4c68693d1da) Importer(815301076,1909f56bfc062723c751e8b465ee728b)
Start importing Assets/GameAssets/Weapon/ArmorSet/armor 2021.obj using Guid(0d4b0fd369d868040979f4c68693d1da) Importer(815301076,1909f56bfc062723c751e8b465ee728b)  -> (artifact id: 'f685ace10d90a5220e6426b2852c24eb') in 0.222226 seconds 
========================================================================
Received Import Request.
  Time since last request: 14.939675 seconds.
  path: Assets/GameAssets/Weapon/ArmorSet/armor 2021.obj
  artifactKey: Guid(0d4b0fd369d868040979f4c68693d1da) Importer(815301076,1909f56bfc062723c751e8b465ee728b)
Start importing Assets/GameAssets/Weapon/ArmorSet/armor 2021.obj using Guid(0d4b0fd369d868040979f4c68693d1da) Importer(815301076,1909f56bfc062723c751e8b465ee728b)  -> (artifact id: '52500149fdc2b0612de5f9654a577b97') in 0.053327 seconds 
========================================================================
Received Import Request.
  Time since last request: 57.800292 seconds.
  path: Assets/GameAssets/Weapon/ArmorSet/textures/main_L_main_Roughness.jpg
  artifactKey: Guid(6c357e14c763be44aba4602d131d123b) Importer(815301076,1909f56bfc062723c751e8b465ee728b)
Start importing Assets/GameAssets/Weapon/ArmorSet/textures/main_L_main_Roughness.jpg using Guid(6c357e14c763be44aba4602d131d123b) Importer(815301076,1909f56bfc062723c751e8b465ee728b)  -> (artifact id: 'f722137ff785c75e7a3b7f153d21a475') in 0.029662 seconds 
========================================================================
Received Import Request.
  Time since last request: 0.651021 seconds.
  path: Assets/GameAssets/Weapon/ArmorSet/textures/porch-02_L_Material_Roughness.jpg
  artifactKey: Guid(442f99ae219136640a9e1570313173c6) Importer(815301076,1909f56bfc062723c751e8b465ee728b)
Start importing Assets/GameAssets/Weapon/ArmorSet/textures/porch-02_L_Material_Roughness.jpg using Guid(442f99ae219136640a9e1570313173c6) Importer(815301076,1909f56bfc062723c751e8b465ee728b)  -> (artifact id: '2956a8b6d6c007c2781a6d689361003b') in 0.019162 seconds 
========================================================================
Received Import Request.
  Time since last request: 2.683012 seconds.
  path: Assets/GameAssets/Weapon/ArmorSet/textures/shiled_L_shield_Metallic.jpg
  artifactKey: Guid(d6bbfe1c7df7bd54fbd24029ada5003d) Importer(815301076,1909f56bfc062723c751e8b465ee728b)
Start importing Assets/GameAssets/Weapon/ArmorSet/textures/shiled_L_shield_Metallic.jpg using Guid(d6bbfe1c7df7bd54fbd24029ada5003d) Importer(815301076,1909f56bfc062723c751e8b465ee728b)  -> (artifact id: '5bc4baa5468262a04f9abf106303d48c') in 0.017640 seconds 
========================================================================
Received Import Request.
  Time since last request: 0.940510 seconds.
  path: Assets/GameAssets/Weapon/ArmorSet/textures
  artifactKey: Guid(8a4dc03d9f3a8464f8e4a422778473d1) Importer(815301076,1909f56bfc062723c751e8b465ee728b)
Start importing Assets/GameAssets/Weapon/ArmorSet/textures using Guid(8a4dc03d9f3a8464f8e4a422778473d1) Importer(815301076,1909f56bfc062723c751e8b465ee728b)  -> (artifact id: 'aa7dfc21743f5114bc6de00764bc3a94') in 0.006827 seconds 
========================================================================
Received Import Request.
  Time since last request: 24.795157 seconds.
  path: Assets/GameAssets/Weapon/ArmorSet
  artifactKey: Guid(1dbb276715d4f1448b46fe661a618f44) Importer(815301076,1909f56bfc062723c751e8b465ee728b)
Start importing Assets/GameAssets/Weapon/ArmorSet using Guid(1dbb276715d4f1448b46fe661a618f44) Importer(815301076,1909f56bfc062723c751e8b465ee728b)  -> (artifact id: 'a56c36b104e44c68bcd15a8da3c13513') in 0.008998 seconds 
========================================================================
Received Import Request.
  Time since last request: 398.536625 seconds.
  path: Assets/GameAssets/Weapon/Soi_Armour_A.fbx
  artifactKey: Guid(f77738f363d8ab3429d5d59ba71d9eee) Importer(815301076,1909f56bfc062723c751e8b465ee728b)
Start importing Assets/GameAssets/Weapon/Soi_Armour_A.fbx using Guid(f77738f363d8ab3429d5d59ba71d9eee) Importer(815301076,1909f56bfc062723c751e8b465ee728b)  -> (artifact id: '0735bee6043d8b870bf5c333f85d77c8') in 0.731829 seconds 
========================================================================
Received Import Request.
  Time since last request: 15.237964 seconds.
  path: Assets/GameAssets/Weapon/Soi_Armour_A.fbx
  artifactKey: Guid(f77738f363d8ab3429d5d59ba71d9eee) Importer(815301076,1909f56bfc062723c751e8b465ee728b)
Start importing Assets/GameAssets/Weapon/Soi_Armour_A.fbx using Guid(f77738f363d8ab3429d5d59ba71d9eee) Importer(815301076,1909f56bfc062723c751e8b465ee728b)  -> (artifact id: '053c0b301c916e82755e8d0500e43ced') in 0.166839 seconds 
========================================================================
Received Import Request.
  Time since last request: 4.572978 seconds.
  path: Assets/GameAssets/Weapon/Soi_Armour_A.fbx
  artifactKey: Guid(f77738f363d8ab3429d5d59ba71d9eee) Importer(815301076,1909f56bfc062723c751e8b465ee728b)
Start importing Assets/GameAssets/Weapon/Soi_Armour_A.fbx using Guid(f77738f363d8ab3429d5d59ba71d9eee) Importer(815301076,1909f56bfc062723c751e8b465ee728b)  -> (artifact id: 'f2dbe8f25c5ce8241bd4a2f1077eeaf3') in 0.158878 seconds 
========================================================================
Received Import Request.
  Time since last request: 14.576581 seconds.
  path: Assets/GameAssets/Weapon/Materials
  artifactKey: Guid(48cb885f74eaa5d47a3757cd3fffe713) Importer(815301076,1909f56bfc062723c751e8b465ee728b)
Start importing Assets/GameAssets/Weapon/Materials using Guid(48cb885f74eaa5d47a3757cd3fffe713) Importer(815301076,1909f56bfc062723c751e8b465ee728b)  -> (artifact id: 'd31b22f3a4c7dffc0e3f5af146d9f605') in 0.006203 seconds 
========================================================================
Received Import Request.
  Time since last request: 12.019528 seconds.
  path: Assets/GameAssets/Weapon/Soi_Armour_A.fbx
  artifactKey: Guid(f77738f363d8ab3429d5d59ba71d9eee) Importer(815301076,1909f56bfc062723c751e8b465ee728b)
Start importing Assets/GameAssets/Weapon/Soi_Armour_A.fbx using Guid(f77738f363d8ab3429d5d59ba71d9eee) Importer(815301076,1909f56bfc062723c751e8b465ee728b)  -> (artifact id: '21d20c7b4829cad43b34c8c3f4ee720c') in 0.118387 seconds 
========================================================================
Received Import Request.
  Time since last request: 6.185163 seconds.
  path: Assets/GameAssets/Weapon/Soi_Armour_A.fbx
  artifactKey: Guid(f77738f363d8ab3429d5d59ba71d9eee) Importer(815301076,1909f56bfc062723c751e8b465ee728b)
Start importing Assets/GameAssets/Weapon/Soi_Armour_A.fbx using Guid(f77738f363d8ab3429d5d59ba71d9eee) Importer(815301076,1909f56bfc062723c751e8b465ee728b)  -> (artifact id: '33f7b11c50a3b1951be0584ce2c5cdb0') in 0.119947 seconds 
========================================================================
Received Import Request.
  Time since last request: 166.534788 seconds.
  path: Assets/GameAssets/Weapon/Soi_Armour_A.blend
  artifactKey: Guid(ffd0b23ca0875494b81b3ea0ee258a0d) Importer(815301076,1909f56bfc062723c751e8b465ee728b)
Start importing Assets/GameAssets/Weapon/Soi_Armour_A.blend using Guid(ffd0b23ca0875494b81b3ea0ee258a0d) Importer(815301076,1909f56bfc062723c751e8b465ee728b)  -> (artifact id: '86c7314455c887cbc7544490bb4ea9f0') in 0.006191 seconds 
========================================================================
Received Import Request.
  Time since last request: 918.654745 seconds.
  path: Assets/GameAssets/Weapon/Blink/Art/Weapons/_PREFABS/Axe2H_Medium.prefab
  artifactKey: Guid(bda0e0a54afa7464ab2ce114082b55d6) Importer(815301076,1909f56bfc062723c751e8b465ee728b)
Start importing Assets/GameAssets/Weapon/Blink/Art/Weapons/_PREFABS/Axe2H_Medium.prefab using Guid(bda0e0a54afa7464ab2ce114082b55d6) Importer(815301076,1909f56bfc062723c751e8b465ee728b)  -> (artifact id: '2a879d4d1849cbf61824678a1e8ec9b6') in 0.057025 seconds 
========================================================================
Received Import Request.
  Time since last request: 223.617882 seconds.
  path: Assets/GameAssets/Weapon/Blink/Art/Weapons/FreeRPGWeapons/Shield/Shields_Textures/Shield_Basic.mat
  artifactKey: Guid(6a58d7e89b2d56a4d8ca87eda48591e1) Importer(815301076,1909f56bfc062723c751e8b465ee728b)
Start importing Assets/GameAssets/Weapon/Blink/Art/Weapons/FreeRPGWeapons/Shield/Shields_Textures/Shield_Basic.mat using Guid(6a58d7e89b2d56a4d8ca87eda48591e1) Importer(815301076,1909f56bfc062723c751e8b465ee728b)  -> (artifact id: 'd471b8a7a9b371ef0d4bebd3a8fcd130') in 0.051364 seconds 
========================================================================
Received Import Request.
  Time since last request: 0.000352 seconds.
  path: Assets/GameAssets/Weapon/Blink/Art/Weapons/FreeRPGWeapons/Spears/Spear_1H_Textures/Spear1H_Epic2.mat
  artifactKey: Guid(69c9fd2d60493ee448e90dd335fcac85) Importer(815301076,1909f56bfc062723c751e8b465ee728b)
Start importing Assets/GameAssets/Weapon/Blink/Art/Weapons/FreeRPGWeapons/Spears/Spear_1H_Textures/Spear1H_Epic2.mat using Guid(69c9fd2d60493ee448e90dd335fcac85) Importer(815301076,1909f56bfc062723c751e8b465ee728b)  -> (artifact id: '90d0c783996d35ee945601b1f128db99') in 0.041453 seconds 
========================================================================
Received Import Request.
  Time since last request: 0.000276 seconds.
  path: Assets/GameAssets/Weapon/Blink/Art/Weapons/FreeRPGWeapons/Spears/Spear_2H_Textures/Spear2H_Epic.mat
  artifactKey: Guid(e61a4a82ad8533b41a8666acb38c391e) Importer(815301076,1909f56bfc062723c751e8b465ee728b)
Start importing Assets/GameAssets/Weapon/Blink/Art/Weapons/FreeRPGWeapons/Spears/Spear_2H_Textures/Spear2H_Epic.mat using Guid(e61a4a82ad8533b41a8666acb38c391e) Importer(815301076,1909f56bfc062723c751e8b465ee728b)  -> (artifact id: 'bd3325011103479c078cb7d41d3965c8') in 0.041723 seconds 
========================================================================
Received Import Request.
  Time since last request: 0.000358 seconds.
  path: Assets/GameAssets/Weapon/Blink/Art/Weapons/FreeRPGWeapons/Staff/Staff_Textures/Staff_Medium.mat
  artifactKey: Guid(d2bf295b931260844ae49c916d7fc5e9) Importer(815301076,1909f56bfc062723c751e8b465ee728b)
Start importing Assets/GameAssets/Weapon/Blink/Art/Weapons/FreeRPGWeapons/Staff/Staff_Textures/Staff_Medium.mat using Guid(d2bf295b931260844ae49c916d7fc5e9) Importer(815301076,1909f56bfc062723c751e8b465ee728b)  -> (artifact id: '539d6633195938616d7eefeafbf15b41') in 0.040554 seconds 
========================================================================
Received Import Request.
  Time since last request: 0.000351 seconds.
  path: Assets/GameAssets/Weapon/Blink/Art/Weapons/FreeRPGWeapons/Spears/Spear_2H_Textures/Spear2H_Medium.mat
  artifactKey: Guid(1f1b49656aa71394f97d210ab47e9b82) Importer(815301076,1909f56bfc062723c751e8b465ee728b)
Start importing Assets/GameAssets/Weapon/Blink/Art/Weapons/FreeRPGWeapons/Spears/Spear_2H_Textures/Spear2H_Medium.mat using Guid(1f1b49656aa71394f97d210ab47e9b82) Importer(815301076,1909f56bfc062723c751e8b465ee728b)  -> (artifact id: '67f750de47cac9f02bed37b15fade074') in 0.036910 seconds 
========================================================================
Received Import Request.
  Time since last request: 0.000284 seconds.
  path: Assets/GameAssets/Weapon/Blink/Art/Weapons/FreeRPGWeapons/Spears/Spear_1H_Textures/Spear1H_Medium.mat
  artifactKey: Guid(be19b84856293bf42b9826c8d8d47454) Importer(815301076,1909f56bfc062723c751e8b465ee728b)
Start importing Assets/GameAssets/Weapon/Blink/Art/Weapons/FreeRPGWeapons/Spears/Spear_1H_Textures/Spear1H_Medium.mat using Guid(be19b84856293bf42b9826c8d8d47454) Importer(815301076,1909f56bfc062723c751e8b465ee728b)  -> (artifact id: 'a90efede0a64837496f7b768339551d1') in 0.034257 seconds 
========================================================================
Received Import Request.
  Time since last request: 0.000219 seconds.
  path: Assets/GameAssets/Weapon/Blink/Art/Weapons/FreeRPGWeapons/Spears/Spear2h.fbx
  artifactKey: Guid(b8429e260a2f3c2489982da2e0f2c575) Importer(815301076,1909f56bfc062723c751e8b465ee728b)
Start importing Assets/GameAssets/Weapon/Blink/Art/Weapons/FreeRPGWeapons/Spears/Spear2h.fbx using Guid(b8429e260a2f3c2489982da2e0f2c575) Importer(815301076,1909f56bfc062723c751e8b465ee728b)  -> (artifact id: 'd7d5085d06de10f0a3eebc06e5d493f9') in 0.036039 seconds 
========================================================================
Received Import Request.
  Time since last request: 0.000217 seconds.
  path: Assets/GameAssets/Weapon/Blink/Art/Weapons/FreeRPGWeapons/Shield/Shields_Textures/Shield_Epic.mat
  artifactKey: Guid(ab46b3e44a1304e4a8c7787473f73d4c) Importer(815301076,1909f56bfc062723c751e8b465ee728b)
Start importing Assets/GameAssets/Weapon/Blink/Art/Weapons/FreeRPGWeapons/Shield/Shields_Textures/Shield_Epic.mat using Guid(ab46b3e44a1304e4a8c7787473f73d4c) Importer(815301076,1909f56bfc062723c751e8b465ee728b)  -> (artifact id: 'e5fc5a5ae1ffaf7c11c734964541e7ff') in 0.040352 seconds 
========================================================================
Received Import Request.
  Time since last request: 0.000293 seconds.
  path: Assets/GameAssets/Weapon/Blink/Art/Weapons/FreeRPGWeapons/Spears/Spear_1H_Textures/Spear1H_Basic.mat
  artifactKey: Guid(7e7c1129d886c8c43b77e6ec7575adf7) Importer(815301076,1909f56bfc062723c751e8b465ee728b)
Start importing Assets/GameAssets/Weapon/Blink/Art/Weapons/FreeRPGWeapons/Spears/Spear_1H_Textures/Spear1H_Basic.mat using Guid(7e7c1129d886c8c43b77e6ec7575adf7) Importer(815301076,1909f56bfc062723c751e8b465ee728b)  -> (artifact id: 'b72a8084df2a9196fca53a17cedb1aa9') in 0.032325 seconds 
========================================================================
Received Import Request.
  Time since last request: 0.000209 seconds.
  path: Assets/GameAssets/Weapon/Blink/Art/Weapons/FreeRPGWeapons/Spears/Spear_1H_Textures/Spear1H_Epic.mat
  artifactKey: Guid(d2221f262d55c97498791aa43e28da99) Importer(815301076,1909f56bfc062723c751e8b465ee728b)
Start importing Assets/GameAssets/Weapon/Blink/Art/Weapons/FreeRPGWeapons/Spears/Spear_1H_Textures/Spear1H_Epic.mat using Guid(d2221f262d55c97498791aa43e28da99) Importer(815301076,1909f56bfc062723c751e8b465ee728b)  -> (artifact id: '0263a64b28af984351fe56ae34179631') in 0.042694 seconds 
========================================================================
Received Import Request.
  Time since last request: 0.000246 seconds.
  path: Assets/GameAssets/Weapon/Blink/Art/Weapons/FreeRPGWeapons/Shield/Shields_Textures/Shield_Medium.mat
  artifactKey: Guid(78842c4df7a94fa4aab346eb5b091bee) Importer(815301076,1909f56bfc062723c751e8b465ee728b)
Start importing Assets/GameAssets/Weapon/Blink/Art/Weapons/FreeRPGWeapons/Shield/Shields_Textures/Shield_Medium.mat using Guid(78842c4df7a94fa4aab346eb5b091bee) Importer(815301076,1909f56bfc062723c751e8b465ee728b)  -> (artifact id: '947c1e0e9d0582bb08acf9ecbccf12a5') in 0.034717 seconds 
========================================================================
Received Import Request.
  Time since last request: 0.000296 seconds.
  path: Assets/GameAssets/Weapon/Blink/Art/Weapons/FreeRPGWeapons/Staff/Staff_Textures/Staff_Epic.mat
  artifactKey: Guid(cfb56399cccce3e4e8a4c320b5c68e20) Importer(815301076,1909f56bfc062723c751e8b465ee728b)
Start importing Assets/GameAssets/Weapon/Blink/Art/Weapons/FreeRPGWeapons/Staff/Staff_Textures/Staff_Epic.mat using Guid(cfb56399cccce3e4e8a4c320b5c68e20) Importer(815301076,1909f56bfc062723c751e8b465ee728b)  -> (artifact id: 'f542c5c21191fcae5b2d79f46ffb9b21') in 0.041216 seconds 
========================================================================
Received Import Request.
  Time since last request: 0.000344 seconds.
  path: Assets/GameAssets/Weapon/Blink/Art/Weapons/FreeRPGWeapons/Staff/Staff.fbx
  artifactKey: Guid(acd76795deeadd846a39bed2115bcc9b) Importer(815301076,1909f56bfc062723c751e8b465ee728b)
Start importing Assets/GameAssets/Weapon/Blink/Art/Weapons/FreeRPGWeapons/Staff/Staff.fbx using Guid(acd76795deeadd846a39bed2115bcc9b) Importer(815301076,1909f56bfc062723c751e8b465ee728b)  -> (artifact id: '0c35d4b9142307745b91b1e4a3051243') in 0.038552 seconds 
========================================================================
Received Import Request.
  Time since last request: 0.000229 seconds.
  path: Assets/GameAssets/Weapon/Blink/Art/Weapons/FreeRPGWeapons/Spears/Spear_2H_Textures/Spear2H_Basic.mat
  artifactKey: Guid(7325986fc79e935449442f573b5da26a) Importer(815301076,1909f56bfc062723c751e8b465ee728b)
Start importing Assets/GameAssets/Weapon/Blink/Art/Weapons/FreeRPGWeapons/Spears/Spear_2H_Textures/Spear2H_Basic.mat using Guid(7325986fc79e935449442f573b5da26a) Importer(815301076,1909f56bfc062723c751e8b465ee728b)  -> (artifact id: '0faac55f14e1de1ab15811abb7e9bf31') in 0.034433 seconds 
========================================================================
Received Import Request.
  Time since last request: 0.000241 seconds.
  path: Assets/GameAssets/Weapon/Blink/Art/Weapons/FreeRPGWeapons/Staff/Staff_Textures/Staff_Basic.mat
  artifactKey: Guid(f8ea7943930fc6e44ae39866fa349d80) Importer(815301076,1909f56bfc062723c751e8b465ee728b)
Start importing Assets/GameAssets/Weapon/Blink/Art/Weapons/FreeRPGWeapons/Staff/Staff_Textures/Staff_Basic.mat using Guid(f8ea7943930fc6e44ae39866fa349d80) Importer(815301076,1909f56bfc062723c751e8b465ee728b)  -> (artifact id: '41dd82dded5cad4110d395e98dc81800') in 0.039587 seconds 
========================================================================
Received Import Request.
  Time since last request: 0.000329 seconds.
  path: Assets/GameAssets/Weapon/Blink/Art/Weapons/FreeRPGWeapons/Spears/Spear1h.fbx
  artifactKey: Guid(df3f07283842c864abb844da441c0bf8) Importer(815301076,1909f56bfc062723c751e8b465ee728b)
Start importing Assets/GameAssets/Weapon/Blink/Art/Weapons/FreeRPGWeapons/Spears/Spear1h.fbx using Guid(df3f07283842c864abb844da441c0bf8) Importer(815301076,1909f56bfc062723c751e8b465ee728b)  -> (artifact id: 'dd0a7e6ffc87b56299035e9975e84c2c') in 0.039762 seconds 
========================================================================
Received Import Request.
  Time since last request: 38.127332 seconds.
  path: Assets/GameAssets/Character/Paladin/Paladin_normal.png
  artifactKey: Guid(ce9ad764a70127042b0080f8377be185) Importer(815301076,1909f56bfc062723c751e8b465ee728b)
Start importing Assets/GameAssets/Character/Paladin/Paladin_normal.png using Guid(ce9ad764a70127042b0080f8377be185) Importer(815301076,1909f56bfc062723c751e8b465ee728b)  -> (artifact id: '9233fb9e171c136a90f5eea3236c1c09') in 0.037508 seconds 
AssetImportWorkerClient::OnTransportError - code=2 error=End of file
